<?xml version="1.0" encoding="UTF-8"?>
<coverage generated="1639550438909" clover="3.2.0">
  <project timestamp="1639550438909" name="All files">
    <metrics statements="8" coveredstatements="8" conditionals="0" coveredconditionals="0" methods="6" coveredmethods="5" elements="14" coveredelements="13" complexity="0" loc="8" ncloc="8" packages="1" files="1" classes="1"/>
    <file name="Component.js" path="P:\Study\js-scraper\electron\src\components\Component\Component.js">
      <metrics statements="8" coveredstatements="8" conditionals="0" coveredconditionals="0" methods="6" coveredmethods="5"/>
      <line num="4" count="5" type="stmt"/>
      <line num="6" count="5" type="stmt"/>
      <line num="7" count="5" type="stmt"/>
      <line num="8" count="5" type="stmt"/>
      <line num="11" count="3" type="stmt"/>
      <line num="21" count="7" type="stmt"/>
      <line num="24" count="5" type="stmt"/>
      <line num="27" count="4" type="stmt"/>
    </file>
  </project>
</coverage>
