{"P:\\Study\\js-scraper\\electron\\Components\\Component\\Component.js": {"path":"P:\\Study\\js-scraper\\electron\\Components\\Component\\Component.js","statementMap":{"0":{"start":{"line":3,"column":9},"end":{"line":3,"column":11}},"1":{"start":{"line":4,"column":9},"end":{"line":4,"column":11}},"2":{"start":{"line":6,"column":8},"end":{"line":6,"column":21}},"3":{"start":{"line":9,"column":8},"end":{"line":9,"column":23}},"4":{"start":{"line":10,"column":8},"end":{"line":10,"column":25}},"5":{"start":{"line":11,"column":8},"end":{"line":11,"column":22}},"6":{"start":{"line":12,"column":8},"end":{"line":12,"column":21}},"7":{"start":{"line":19,"column":8},"end":{"line":19,"column":42}},"8":{"start":{"line":20,"column":8},"end":{"line":20,"column":18}}},"fnMap":{"0":{"name":"(anonymous_0)","decl":{"start":{"line":5,"column":4},"end":{"line":5,"column":5}},"loc":{"start":{"line":5,"column":20},"end":{"line":7,"column":5}},"line":5},"1":{"name":"(anonymous_1)","decl":{"start":{"line":8,"column":4},"end":{"line":8,"column":5}},"loc":{"start":{"line":8,"column":9},"end":{"line":13,"column":5}},"line":8},"2":{"name":"(anonymous_2)","decl":{"start":{"line":14,"column":4},"end":{"line":14,"column":5}},"loc":{"start":{"line":14,"column":14},"end":{"line":14,"column":17}},"line":14},"3":{"name":"(anonymous_3)","decl":{"start":{"line":15,"column":4},"end":{"line":15,"column":5}},"loc":{"start":{"line":15,"column":16},"end":{"line":15,"column":19}},"line":15},"4":{"name":"(anonymous_4)","decl":{"start":{"line":16,"column":4},"end":{"line":16,"column":5}},"loc":{"start":{"line":16,"column":13},"end":{"line":16,"column":16}},"line":16},"5":{"name":"(anonymous_5)","decl":{"start":{"line":17,"column":4},"end":{"line":17,"column":5}},"loc":{"start":{"line":17,"column":12},"end":{"line":17,"column":15}},"line":17},"6":{"name":"(anonymous_6)","decl":{"start":{"line":18,"column":4},"end":{"line":18,"column":5}},"loc":{"start":{"line":18,"column":16},"end":{"line":21,"column":5}},"line":18}},"branchMap":{},"s":{"0":19,"1":19,"2":19,"3":20,"4":20,"5":20,"6":20,"7":3,"8":3},"f":{"0":19,"1":20,"2":2,"3":14,"4":6,"5":20,"6":3},"b":{},"_coverageSchema":"1a1c01bbd47fc00a2c39e90264f33305004495a9","hash":"0152fa99834efcc169e49316ea21ca0a0e4d9e8d"}
,"P:\\Study\\js-scraper\\electron\\Components\\SearchBarBrand\\SearchBarBrand.js": {"path":"P:\\Study\\js-scraper\\electron\\Components\\SearchBarBrand\\SearchBarBrand.js","statementMap":{"0":{"start":{"line":5,"column":10},"end":{"line":5,"column":13}},"1":{"start":{"line":7,"column":8},"end":{"line":7,"column":18}},"2":{"start":{"line":8,"column":8},"end":{"line":8,"column":21}},"3":{"start":{"line":9,"column":8},"end":{"line":11,"column":10}},"4":{"start":{"line":14,"column":28},"end":{"line":14,"column":32}},"5":{"start":{"line":37,"column":22},"end":{"line":39,"column":9}},"6":{"start":{"line":40,"column":22},"end":{"line":40,"column":52}},"7":{"start":{"line":41,"column":8},"end":{"line":49,"column":6}},"8":{"start":{"line":63,"column":20},"end":{"line":63,"column":78}},"9":{"start":{"line":64,"column":8},"end":{"line":64,"column":66}},"10":{"start":{"line":67,"column":19},"end":{"line":67,"column":27}},"11":{"start":{"line":68,"column":33},"end":{"line":68,"column":35}},"12":{"start":{"line":69,"column":8},"end":{"line":69,"column":35}}},"fnMap":{"0":{"name":"(anonymous_0)","decl":{"start":{"line":6,"column":4},"end":{"line":6,"column":5}},"loc":{"start":{"line":6,"column":24},"end":{"line":12,"column":5}},"line":6},"1":{"name":"(anonymous_1)","decl":{"start":{"line":13,"column":4},"end":{"line":13,"column":5}},"loc":{"start":{"line":13,"column":14},"end":{"line":50,"column":5}},"line":13},"2":{"name":"(anonymous_2)","decl":{"start":{"line":62,"column":4},"end":{"line":62,"column":5}},"loc":{"start":{"line":62,"column":13},"end":{"line":65,"column":5}},"line":62},"3":{"name":"(anonymous_3)","decl":{"start":{"line":66,"column":4},"end":{"line":66,"column":5}},"loc":{"start":{"line":66,"column":17},"end":{"line":70,"column":5}},"line":66}},"branchMap":{},"s":{"0":4,"1":4,"2":4,"3":4,"4":6,"5":6,"6":6,"7":6,"8":6,"9":6,"10":2,"11":2,"12":2},"f":{"0":4,"1":6,"2":6,"3":2},"b":{},"_coverageSchema":"1a1c01bbd47fc00a2c39e90264f33305004495a9","hash":"fb4a228abcd4febd50f95fb09c4b42d32e043a27"}
,"P:\\Study\\js-scraper\\electron\\Components\\SearchButton\\SearchButton.js": {"path":"P:\\Study\\js-scraper\\electron\\Components\\SearchButton\\SearchButton.js","statementMap":{"0":{"start":{"line":4,"column":8},"end":{"line":4,"column":18}},"1":{"start":{"line":5,"column":8},"end":{"line":5,"column":21}},"2":{"start":{"line":8,"column":23},"end":{"line":8,"column":27}},"3":{"start":{"line":9,"column":8},"end":{"line":11,"column":6}},"4":{"start":{"line":14,"column":19},"end":{"line":14,"column":70}},"5":{"start":{"line":15,"column":8},"end":{"line":15,"column":61}},"6":{"start":{"line":18,"column":28},"end":{"line":18,"column":35}},"7":{"start":{"line":19,"column":8},"end":{"line":19,"column":22}}},"fnMap":{"0":{"name":"(anonymous_0)","decl":{"start":{"line":3,"column":4},"end":{"line":3,"column":5}},"loc":{"start":{"line":3,"column":24},"end":{"line":6,"column":5}},"line":3},"1":{"name":"(anonymous_1)","decl":{"start":{"line":7,"column":4},"end":{"line":7,"column":5}},"loc":{"start":{"line":7,"column":14},"end":{"line":12,"column":5}},"line":7},"2":{"name":"(anonymous_2)","decl":{"start":{"line":13,"column":4},"end":{"line":13,"column":5}},"loc":{"start":{"line":13,"column":13},"end":{"line":16,"column":5}},"line":13},"3":{"name":"(anonymous_3)","decl":{"start":{"line":17,"column":4},"end":{"line":17,"column":5}},"loc":{"start":{"line":17,"column":19},"end":{"line":20,"column":5}},"line":17}},"branchMap":{},"s":{"0":2,"1":2,"2":2,"3":2,"4":2,"5":2,"6":1,"7":1},"f":{"0":2,"1":2,"2":2,"3":1},"b":{},"_coverageSchema":"1a1c01bbd47fc00a2c39e90264f33305004495a9","hash":"b5dec143eafeef70f2c5f9e526fa28750917da2b"}
,"P:\\Study\\js-scraper\\electron\\Components\\SearchResult\\SearchResult.js": {"path":"P:\\Study\\js-scraper\\electron\\Components\\SearchResult\\SearchResult.js","statementMap":{"0":{"start":{"line":4,"column":8},"end":{"line":4,"column":18}},"1":{"start":{"line":5,"column":8},"end":{"line":5,"column":21}},"2":{"start":{"line":8,"column":36},"end":{"line":8,"column":43}},"3":{"start":{"line":9,"column":23},"end":{"line":9,"column":27}},"4":{"start":{"line":10,"column":8},"end":{"line":15,"column":6}}},"fnMap":{"0":{"name":"(anonymous_0)","decl":{"start":{"line":3,"column":4},"end":{"line":3,"column":5}},"loc":{"start":{"line":3,"column":24},"end":{"line":6,"column":5}},"line":3},"1":{"name":"(anonymous_1)","decl":{"start":{"line":7,"column":4},"end":{"line":7,"column":5}},"loc":{"start":{"line":7,"column":14},"end":{"line":16,"column":5}},"line":7}},"branchMap":{},"s":{"0":4,"1":4,"2":4,"3":4,"4":4},"f":{"0":4,"1":4},"b":{},"_coverageSchema":"1a1c01bbd47fc00a2c39e90264f33305004495a9","hash":"3b31386d46f9394ff588f4e0a7baca4607d4192f"}
,"P:\\Study\\js-scraper\\electron\\Components\\SearchType\\SearchType.js": {"path":"P:\\Study\\js-scraper\\electron\\Components\\SearchType\\SearchType.js","statementMap":{"0":{"start":{"line":5,"column":8},"end":{"line":5,"column":18}},"1":{"start":{"line":6,"column":8},"end":{"line":6,"column":21}},"2":{"start":{"line":9,"column":23},"end":{"line":9,"column":27}},"3":{"start":{"line":10,"column":8},"end":{"line":17,"column":6}},"4":{"start":{"line":20,"column":26},"end":{"line":20,"column":33}},"5":{"start":{"line":21,"column":19},"end":{"line":21,"column":62}},"6":{"start":{"line":22,"column":8},"end":{"line":22,"column":26}},"7":{"start":{"line":25,"column":24},"end":{"line":25,"column":76}},"8":{"start":{"line":26,"column":8},"end":{"line":26,"column":66}},"9":{"start":{"line":29,"column":29},"end":{"line":29,"column":36}},"10":{"start":{"line":30,"column":19},"end":{"line":30,"column":27}},"11":{"start":{"line":31,"column":8},"end":{"line":34,"column":9}},"12":{"start":{"line":32,"column":37},"end":{"line":32,"column":39}},"13":{"start":{"line":33,"column":12},"end":{"line":33,"column":28}}},"fnMap":{"0":{"name":"(anonymous_0)","decl":{"start":{"line":4,"column":4},"end":{"line":4,"column":5}},"loc":{"start":{"line":4,"column":24},"end":{"line":7,"column":5}},"line":4},"1":{"name":"(anonymous_1)","decl":{"start":{"line":8,"column":4},"end":{"line":8,"column":5}},"loc":{"start":{"line":8,"column":14},"end":{"line":18,"column":5}},"line":8},"2":{"name":"(anonymous_2)","decl":{"start":{"line":19,"column":4},"end":{"line":19,"column":5}},"loc":{"start":{"line":19,"column":16},"end":{"line":23,"column":5}},"line":19},"3":{"name":"(anonymous_3)","decl":{"start":{"line":24,"column":4},"end":{"line":24,"column":5}},"loc":{"start":{"line":24,"column":13},"end":{"line":27,"column":5}},"line":24},"4":{"name":"(anonymous_4)","decl":{"start":{"line":28,"column":4},"end":{"line":28,"column":5}},"loc":{"start":{"line":28,"column":14},"end":{"line":35,"column":5}},"line":28}},"branchMap":{"0":{"loc":{"start":{"line":31,"column":8},"end":{"line":34,"column":9}},"type":"if","locations":[{"start":{"line":31,"column":8},"end":{"line":34,"column":9}},{"start":{"line":31,"column":8},"end":{"line":34,"column":9}}],"line":31}},"s":{"0":6,"1":6,"2":6,"3":6,"4":6,"5":6,"6":6,"7":6,"8":6,"9":6,"10":6,"11":6,"12":4,"13":4},"f":{"0":6,"1":6,"2":6,"3":6,"4":6},"b":{"0":[4,2]},"_coverageSchema":"1a1c01bbd47fc00a2c39e90264f33305004495a9","hash":"b50f3d550d501831d146d00ecf78f72d8806d276"}
,"P:\\Study\\js-scraper\\electron\\data\\page.js": {"path":"P:\\Study\\js-scraper\\electron\\data\\page.js","statementMap":{"0":{"start":{"line":1,"column":12},"end":{"line":44,"column":1}}},"fnMap":{},"branchMap":{},"s":{"0":6},"f":{},"b":{},"_coverageSchema":"1a1c01bbd47fc00a2c39e90264f33305004495a9","hash":"afefb4857cf303ac347ff49d8bf8f1c5215d405a"}
,"P:\\Study\\js-scraper\\electron\\js\\domUtility\\domUtility.js": {"path":"P:\\Study\\js-scraper\\electron\\js\\domUtility\\domUtility.js","statementMap":{"0":{"start":{"line":2,"column":4},"end":{"line":2,"column":52}},"1":{"start":{"line":2,"column":31},"end":{"line":2,"column":50}},"2":{"start":{"line":5,"column":18},"end":{"line":5,"column":33}},"3":{"start":{"line":6,"column":21},"end":{"line":6,"column":104}},"4":{"start":{"line":6,"column":57},"end":{"line":6,"column":103}},"5":{"start":{"line":7,"column":4},"end":{"line":7,"column":20}},"6":{"start":{"line":10,"column":18},"end":{"line":15,"column":18}},"7":{"start":{"line":12,"column":8},"end":{"line":12,"column":31}},"8":{"start":{"line":13,"column":8},"end":{"line":13,"column":19}},"9":{"start":{"line":16,"column":4},"end":{"line":16,"column":17}}},"fnMap":{"0":{"name":"특정_요소이면","decl":{"start":{"line":1,"column":16},"end":{"line":1,"column":23}},"loc":{"start":{"line":1,"column":39},"end":{"line":3,"column":1}},"line":1},"1":{"name":"(anonymous_1)","decl":{"start":{"line":2,"column":23},"end":{"line":2,"column":24}},"loc":{"start":{"line":2,"column":31},"end":{"line":2,"column":50}},"line":2},"2":{"name":"옵션_태그_배열_생성","decl":{"start":{"line":4,"column":16},"end":{"line":4,"column":27}},"loc":{"start":{"line":4,"column":39},"end":{"line":8,"column":1}},"line":4},"3":{"name":"(anonymous_3)","decl":{"start":{"line":6,"column":44},"end":{"line":6,"column":45}},"loc":{"start":{"line":6,"column":57},"end":{"line":6,"column":103}},"line":6},"4":{"name":"태그_속성_나열","decl":{"start":{"line":9,"column":16},"end":{"line":9,"column":24}},"loc":{"start":{"line":9,"column":32},"end":{"line":17,"column":1}},"line":9},"5":{"name":"(anonymous_5)","decl":{"start":{"line":11,"column":16},"end":{"line":11,"column":17}},"loc":{"start":{"line":11,"column":34},"end":{"line":14,"column":5}},"line":11}},"branchMap":{},"s":{"0":7,"1":8,"2":7,"3":7,"4":357,"5":7,"6":8,"7":10,"8":10,"9":8},"f":{"0":7,"1":8,"2":7,"3":357,"4":8,"5":10},"b":{},"_coverageSchema":"1a1c01bbd47fc00a2c39e90264f33305004495a9","hash":"af676cbee9828ef1e44dc42486d757d7d4aa033d"}
}
