TN:
SF:js\domUtility\domUtility.js
FN:1,특정_요소이면
FN:2,(anonymous_1)
FN:4,옵션_배열_생성
FN:6,(anonymous_3)
FN:9,태그_속성_나열
FN:11,(anonymous_5)
FN:18,옵션_선택
FN:21,요소_값_반환
FN:24,요소_찾기
FN:28,인풋_커서_위치_초기화
FN:33,DOM_생성
FN:38,페이지_요청
FN:46,DOM_변환
FN:51,마지막_페이지_번호_탐색
FN:59,요소_리스트_찾기
FN:63,리스트_길이_추출
FN:67,텍스트_컨텐츠_추출
FN:71,쿼리_스트링이_있다면
FN:75,페이지_번호_배열_생성
FN:77,(anonymous_19)
FN:80,페이지_제품_URL_배열_탐색
FN:83,(anonymous_21)
FN:85,URL_배열_DOM_파싱
FN:93,제품_URL_탐색
FN:98,제품_이름_탐색
FN:103,제품_이미지_URL_배열_탐색
FN:106,(anonymous_26)
FN:109,제품_후기_탐색
FNF:28
FNH:28
FNDA:11,특정_요소이면
FNDA:12,(anonymous_1)
FNDA:20,옵션_배열_생성
FNDA:1124,(anonymous_3)
FNDA:21,태그_속성_나열
FNDA:23,(anonymous_5)
FNDA:20,옵션_선택
FNDA:29,요소_값_반환
FNDA:308,요소_찾기
FNDA:45,인풋_커서_위치_초기화
FNDA:13,DOM_생성
FNDA:15,페이지_요청
FNDA:14,DOM_변환
FNDA:3,마지막_페이지_번호_탐색
FNDA:8,요소_리스트_찾기
FNDA:5,리스트_길이_추출
FNDA:5,텍스트_컨텐츠_추출
FNDA:2,쿼리_스트링이_있다면
FNDA:1,페이지_번호_배열_생성
FNDA:7,(anonymous_19)
FNDA:1,페이지_제품_URL_배열_탐색
FNDA:1,(anonymous_21)
FNDA:1,URL_배열_DOM_파싱
FNDA:1,제품_URL_탐색
FNDA:1,제품_이름_탐색
FNDA:1,제품_이미지_URL_배열_탐색
FNDA:2,(anonymous_26)
FNDA:1,제품_후기_탐색
DA:2,12
DA:5,20
DA:6,1124
DA:7,20
DA:10,21
DA:12,23
DA:13,23
DA:16,21
DA:19,20
DA:22,29
DA:25,308
DA:26,308
DA:29,45
DA:30,45
DA:31,45
DA:34,13
DA:35,13
DA:36,13
DA:39,15
DA:40,15
DA:44,15
DA:47,14
DA:48,14
DA:49,14
DA:52,3
DA:53,3
DA:54,3
DA:55,3
DA:56,3
DA:57,3
DA:60,8
DA:61,8
DA:64,5
DA:65,5
DA:68,5
DA:69,5
DA:72,2
DA:73,2
DA:76,1
DA:77,7
DA:78,1
DA:81,1
DA:82,1
DA:83,1
DA:86,1
DA:87,1
DA:88,1
DA:89,1
DA:91,1
DA:94,1
DA:95,1
DA:96,1
DA:99,1
DA:100,1
DA:101,1
DA:104,1
DA:105,1
DA:106,2
DA:107,1
DA:110,1
DA:111,1
DA:112,1
DA:113,1
LF:63
LH:63
BRDA:51,0,0,3
BRDA:80,1,0,1
BRDA:93,2,0,1
BRDA:98,3,0,1
BRDA:103,4,0,1
BRDA:109,5,0,1
BRF:6
BRH:6
end_of_record
TN:
SF:데이터\목업_페이지.js
FNF:0
FNH:0
DA:1,10
LF:1
LH:1
BRF:0
BRH:0
end_of_record
TN:
SF:컴포넌트들\검색_결과_상자\검색_결과_상자.js
FN:3,(anonymous_0)
FN:7,(anonymous_1)
FNF:2
FNH:2
FNDA:28,(anonymous_0)
FNDA:38,(anonymous_1)
DA:4,28
DA:5,28
DA:8,38
DA:9,38
DA:10,38
LF:5
LH:5
BRF:0
BRH:0
end_of_record
TN:
SF:컴포넌트들\검색_버튼\검색_버튼.js
FN:4,(anonymous_0)
FN:12,(anonymous_1)
FN:18,(anonymous_2)
FN:23,(anonymous_3)
FNF:4
FNH:4
FNDA:66,(anonymous_0)
FNDA:149,(anonymous_1)
FNDA:149,(anonymous_2)
FNDA:7,(anonymous_3)
DA:5,66
DA:6,66
DA:7,66
DA:8,66
DA:9,66
DA:10,66
DA:13,149
DA:14,149
DA:19,149
DA:20,149
DA:21,149
DA:24,7
DA:25,7
DA:26,7
LF:14
LH:14
BRDA:10,0,0,41
BRDA:10,0,1,25
BRF:2
BRH:2
end_of_record
TN:
SF:컴포넌트들\검색_유형_상자\검색_유형_상자.js
FN:4,(anonymous_0)
FN:8,(anonymous_1)
FN:19,(anonymous_2)
FN:25,(anonymous_3)
FN:30,(anonymous_4)
FNF:5
FNH:5
FNDA:30,(anonymous_0)
FNDA:40,(anonymous_1)
FNDA:40,(anonymous_2)
FNDA:40,(anonymous_3)
FNDA:10,(anonymous_4)
DA:5,30
DA:6,30
DA:9,40
DA:10,40
DA:20,40
DA:21,40
DA:22,40
DA:23,40
DA:26,40
DA:27,40
DA:28,40
DA:31,10
DA:32,10
DA:33,10
DA:34,8
DA:35,8
LF:16
LH:16
BRDA:33,0,0,8
BRDA:33,0,1,2
BRF:2
BRH:2
end_of_record
TN:
SF:컴포넌트들\다운로드바\다운로드바.js
FN:4,(anonymous_0)
FN:8,(anonymous_1)
FN:19,(anonymous_2)
FN:24,(anonymous_3)
FNF:4
FNH:4
FNDA:30,(anonymous_0)
FNDA:40,(anonymous_1)
FNDA:40,(anonymous_2)
FNDA:4,(anonymous_3)
DA:5,30
DA:6,30
DA:9,40
DA:11,40
DA:20,40
DA:21,40
DA:22,40
DA:25,4
DA:26,4
DA:28,4
DA:29,4
DA:30,4
DA:31,4
DA:32,4
DA:33,4
DA:34,4
LF:16
LH:16
BRF:0
BRH:0
end_of_record
TN:
SF:컴포넌트들\브랜드_검색바\브랜드_검색바.js
FN:10,(anonymous_0)
FN:14,(anonymous_1)
FN:29,(anonymous_2)
FN:36,(anonymous_3)
FN:38,(anonymous_4)
FN:42,(anonymous_5)
FN:56,(anonymous_6)
FN:62,(anonymous_7)
FNF:8
FNH:8
FNDA:13,(anonymous_0)
FNDA:19,(anonymous_1)
FNDA:19,(anonymous_2)
FNDA:19,(anonymous_3)
FNDA:26,(anonymous_4)
FNDA:19,(anonymous_5)
FNDA:19,(anonymous_6)
FNDA:4,(anonymous_7)
DA:6,13
DA:7,13
DA:11,13
DA:12,13
DA:15,19
DA:16,19
DA:19,19
DA:20,19
DA:30,19
DA:31,19
DA:32,19
DA:33,19
DA:34,19
DA:37,19
DA:38,19
DA:39,26
DA:43,19
DA:44,19
DA:45,19
DA:46,19
DA:47,19
DA:48,19
DA:53,19
DA:54,19
DA:57,19
DA:58,19
DA:59,19
DA:60,19
DA:63,4
DA:64,4
DA:65,4
LF:31
LH:31
BRF:0
BRH:0
end_of_record
TN:
SF:컴포넌트들\앱\앱.js
FN:15,(anonymous_0)
FN:23,(anonymous_1)
FN:25,(anonymous_2)
FN:29,(anonymous_3)
FN:45,(anonymous_4)
FN:50,(anonymous_5)
FN:65,(anonymous_6)
FN:69,(anonymous_7)
FN:71,(anonymous_8)
FN:73,(anonymous_9)
FNF:10
FNH:6
FNDA:11,(anonymous_0)
FNDA:11,(anonymous_1)
FNDA:19,(anonymous_2)
FNDA:11,(anonymous_3)
FNDA:4,(anonymous_4)
FNDA:2,(anonymous_5)
FNDA:0,(anonymous_6)
FNDA:0,(anonymous_7)
FNDA:0,(anonymous_8)
FNDA:0,(anonymous_9)
DA:9,5
DA:16,11
DA:17,11
DA:24,11
DA:25,11
DA:26,19
DA:30,11
DA:31,11
DA:32,11
DA:40,11
DA:41,11
DA:42,11
DA:43,11
DA:46,4
DA:51,2
DA:52,2
DA:53,2
DA:58,2
DA:66,0
DA:67,0
DA:68,0
DA:69,0
DA:70,0
DA:71,0
DA:72,0
DA:73,0
DA:74,0
LF:27
LH:18
BRDA:67,0,0,0
BRDA:67,0,1,0
BRF:2
BRH:0
end_of_record
TN:
SF:컴포넌트들\컴포넌트\컴포넌트.js
FN:6,(anonymous_0)
FN:9,(anonymous_1)
FN:15,(anonymous_2)
FN:16,(anonymous_3)
FN:17,(anonymous_4)
FN:18,(anonymous_5)
FN:19,(anonymous_6)
FNF:7
FNH:7
FNDA:211,(anonymous_0)
FNDA:367,(anonymous_1)
FNDA:2,(anonymous_2)
FNDA:264,(anonymous_3)
FNDA:75,(anonymous_4)
FNDA:269,(anonymous_5)
FNDA:27,(anonymous_6)
DA:3,211
DA:4,211
DA:5,211
DA:7,211
DA:10,367
DA:11,367
DA:12,367
DA:13,367
DA:20,27
DA:21,27
LF:10
LH:10
BRF:0
BRH:0
end_of_record
TN:
SF:컴포넌트들\키워드_검색바\키워드_검색바.js
FN:8,(anonymous_0)
FN:12,(anonymous_1)
FN:22,(anonymous_2)
FN:24,(anonymous_3)
FN:28,(anonymous_4)
FN:42,(anonymous_5)
FN:49,(anonymous_6)
FN:55,(anonymous_7)
FNF:8
FNH:8
FNDA:20,(anonymous_0)
FNDA:44,(anonymous_1)
FNDA:44,(anonymous_2)
FNDA:120,(anonymous_3)
FNDA:44,(anonymous_4)
FNDA:44,(anonymous_5)
FNDA:44,(anonymous_6)
FNDA:16,(anonymous_7)
DA:5,20
DA:9,20
DA:10,20
DA:13,44
DA:14,44
DA:15,44
DA:23,44
DA:24,44
DA:25,120
DA:29,44
DA:30,44
DA:31,44
DA:32,44
DA:33,44
DA:34,44
DA:39,44
DA:40,44
DA:43,44
DA:44,44
DA:45,44
DA:46,44
DA:47,44
DA:50,44
DA:51,44
DA:52,44
DA:53,44
DA:56,16
DA:57,16
DA:58,16
LF:29
LH:29
BRF:0
BRH:0
end_of_record
TN:
SF:컴포넌트들\헤더\헤더.js
FN:9,(anonymous_0)
FN:13,(anonymous_1)
FN:25,(anonymous_2)
FN:30,(anonymous_3)
FN:34,(anonymous_4)
FN:46,(anonymous_5)
FN:58,(anonymous_6)
FN:69,(anonymous_7)
FNF:8
FNH:8
FNDA:16,(anonymous_0)
FNDA:24,(anonymous_1)
FNDA:24,(anonymous_2)
FNDA:136,(anonymous_3)
FNDA:24,(anonymous_4)
FNDA:24,(anonymous_5)
FNDA:24,(anonymous_6)
FNDA:24,(anonymous_7)
DA:10,16
DA:11,16
DA:14,24
DA:15,24
DA:26,24
DA:27,24
DA:28,24
DA:29,24
DA:30,24
DA:31,136
DA:35,24
DA:36,24
DA:37,24
DA:41,24
DA:42,24
DA:43,24
DA:44,24
DA:47,24
DA:48,24
DA:49,24
DA:53,24
DA:54,24
DA:55,24
DA:56,24
DA:59,24
DA:60,24
DA:61,24
DA:64,24
DA:65,24
DA:66,24
DA:67,24
DA:70,24
DA:71,24
DA:72,24
DA:76,24
DA:77,24
DA:78,24
DA:79,24
LF:38
LH:38
BRDA:55,0,0,16
BRDA:55,0,1,8
BRF:2
BRH:2
end_of_record
