<?xml version="1.0" encoding="UTF-8"?>
<coverage generated="1637559110525" clover="3.2.0">
  <project timestamp="1637559110525" name="All files">
    <metrics statements="10" coveredstatements="8" conditionals="1" coveredconditionals="0" methods="6" coveredmethods="5" elements="17" coveredelements="13" complexity="0" loc="10" ncloc="10" packages="2" files="2" classes="2"/>
    <package name="Components.Component">
      <metrics statements="9" coveredstatements="7" conditionals="1" coveredconditionals="0" methods="6" coveredmethods="5"/>
      <file name="Component.js" path="P:\Study\electron-scraper\Components\Component\Component.js">
        <metrics statements="9" coveredstatements="7" conditionals="1" coveredconditionals="0" methods="6" coveredmethods="5"/>
        <line num="4" count="2" type="stmt"/>
        <line num="6" count="2" type="stmt"/>
        <line num="7" count="2" type="stmt"/>
        <line num="10" count="1" type="stmt"/>
        <line num="11" count="1" type="stmt"/>
        <line num="12" count="1" type="stmt"/>
        <line num="15" count="1" type="stmt"/>
        <line num="20" count="0" type="stmt"/>
        <line num="21" count="0" type="stmt"/>
      </file>
    </package>
    <package name="data">
      <metrics statements="1" coveredstatements="1" conditionals="0" coveredconditionals="0" methods="0" coveredmethods="0"/>
      <file name="page.js" path="P:\Study\electron-scraper\data\page.js">
        <metrics statements="1" coveredstatements="1" conditionals="0" coveredconditionals="0" methods="0" coveredmethods="0"/>
        <line num="1" count="1" type="stmt"/>
      </file>
    </package>
  </project>
</coverage>
