{"P:\\Study\\electron-scraper\\Components\\Component\\Component.js": {"path":"P:\\Study\\electron-scraper\\Components\\Component\\Component.js","statementMap":{"0":{"start":{"line":3,"column":9},"end":{"line":3,"column":11}},"1":{"start":{"line":4,"column":9},"end":{"line":4,"column":11}},"2":{"start":{"line":6,"column":8},"end":{"line":6,"column":21}},"3":{"start":{"line":9,"column":8},"end":{"line":9,"column":23}},"4":{"start":{"line":10,"column":8},"end":{"line":10,"column":22}},"5":{"start":{"line":11,"column":8},"end":{"line":11,"column":21}},"6":{"start":{"line":17,"column":8},"end":{"line":17,"column":42}},"7":{"start":{"line":18,"column":8},"end":{"line":18,"column":18}}},"fnMap":{"0":{"name":"(anonymous_0)","decl":{"start":{"line":5,"column":4},"end":{"line":5,"column":5}},"loc":{"start":{"line":5,"column":20},"end":{"line":7,"column":5}},"line":5},"1":{"name":"(anonymous_1)","decl":{"start":{"line":8,"column":4},"end":{"line":8,"column":5}},"loc":{"start":{"line":8,"column":9},"end":{"line":12,"column":5}},"line":8},"2":{"name":"(anonymous_2)","decl":{"start":{"line":13,"column":4},"end":{"line":13,"column":5}},"loc":{"start":{"line":13,"column":14},"end":{"line":13,"column":17}},"line":13},"3":{"name":"(anonymous_3)","decl":{"start":{"line":14,"column":4},"end":{"line":14,"column":5}},"loc":{"start":{"line":14,"column":13},"end":{"line":14,"column":16}},"line":14},"4":{"name":"(anonymous_4)","decl":{"start":{"line":15,"column":4},"end":{"line":15,"column":5}},"loc":{"start":{"line":15,"column":12},"end":{"line":15,"column":15}},"line":15},"5":{"name":"(anonymous_5)","decl":{"start":{"line":16,"column":4},"end":{"line":16,"column":5}},"loc":{"start":{"line":16,"column":16},"end":{"line":19,"column":5}},"line":16}},"branchMap":{},"s":{"0":9,"1":9,"2":9,"3":8,"4":8,"5":8,"6":1,"7":1},"f":{"0":9,"1":8,"2":2,"3":8,"4":8,"5":1},"b":{},"_coverageSchema":"1a1c01bbd47fc00a2c39e90264f33305004495a9","hash":"4ee5a20ef24b0147f3ad77a9fa6de06410404d3f"}
,"P:\\Study\\electron-scraper\\Components\\SearchResult\\SearchResult.js": {"path":"P:\\Study\\electron-scraper\\Components\\SearchResult\\SearchResult.js","statementMap":{"0":{"start":{"line":4,"column":8},"end":{"line":4,"column":18}},"1":{"start":{"line":5,"column":8},"end":{"line":5,"column":21}},"2":{"start":{"line":8,"column":36},"end":{"line":8,"column":43}},"3":{"start":{"line":9,"column":23},"end":{"line":9,"column":27}},"4":{"start":{"line":10,"column":8},"end":{"line":15,"column":6}}},"fnMap":{"0":{"name":"(anonymous_0)","decl":{"start":{"line":3,"column":4},"end":{"line":3,"column":5}},"loc":{"start":{"line":3,"column":24},"end":{"line":6,"column":5}},"line":3},"1":{"name":"(anonymous_1)","decl":{"start":{"line":7,"column":4},"end":{"line":7,"column":5}},"loc":{"start":{"line":7,"column":14},"end":{"line":16,"column":5}},"line":7}},"branchMap":{},"s":{"0":4,"1":4,"2":4,"3":4,"4":4},"f":{"0":4,"1":4},"b":{},"_coverageSchema":"1a1c01bbd47fc00a2c39e90264f33305004495a9","hash":"5a9eb88667fe93814ad90da0ddeaf8254b831396"}
,"P:\\Study\\electron-scraper\\Components\\SearchType\\SearchType.js": {"path":"P:\\Study\\electron-scraper\\Components\\SearchType\\SearchType.js","statementMap":{"0":{"start":{"line":4,"column":8},"end":{"line":4,"column":18}},"1":{"start":{"line":5,"column":8},"end":{"line":5,"column":21}},"2":{"start":{"line":8,"column":23},"end":{"line":8,"column":27}},"3":{"start":{"line":9,"column":8},"end":{"line":16,"column":6}}},"fnMap":{"0":{"name":"(anonymous_0)","decl":{"start":{"line":3,"column":4},"end":{"line":3,"column":5}},"loc":{"start":{"line":3,"column":24},"end":{"line":6,"column":5}},"line":3},"1":{"name":"(anonymous_1)","decl":{"start":{"line":7,"column":4},"end":{"line":7,"column":5}},"loc":{"start":{"line":7,"column":14},"end":{"line":17,"column":5}},"line":7},"2":{"name":"(anonymous_2)","decl":{"start":{"line":27,"column":4},"end":{"line":27,"column":5}},"loc":{"start":{"line":27,"column":14},"end":{"line":33,"column":5}},"line":27}},"branchMap":{},"s":{"0":2,"1":2,"2":2,"3":2},"f":{"0":2,"1":2,"2":0},"b":{},"_coverageSchema":"1a1c01bbd47fc00a2c39e90264f33305004495a9","hash":"0b72da38d21c01caa2eaa875a55b943b9bade0ce"}
,"P:\\Study\\electron-scraper\\data\\page.js": {"path":"P:\\Study\\electron-scraper\\data\\page.js","statementMap":{"0":{"start":{"line":1,"column":12},"end":{"line":44,"column":1}}},"fnMap":{},"branchMap":{},"s":{"0":4},"f":{},"b":{},"_coverageSchema":"1a1c01bbd47fc00a2c39e90264f33305004495a9","hash":"4d13c955eafe41ab634c490632bd3b1f673f64d0"}
,"P:\\Study\\electron-scraper\\js\\domUtility\\domUtility.js": {"path":"P:\\Study\\electron-scraper\\js\\domUtility\\domUtility.js","statementMap":{"0":{"start":{"line":2,"column":4},"end":{"line":2,"column":52}},"1":{"start":{"line":2,"column":31},"end":{"line":2,"column":50}}},"fnMap":{"0":{"name":"특정_요소이면","decl":{"start":{"line":1,"column":16},"end":{"line":1,"column":23}},"loc":{"start":{"line":1,"column":39},"end":{"line":3,"column":1}},"line":1},"1":{"name":"(anonymous_1)","decl":{"start":{"line":2,"column":23},"end":{"line":2,"column":24}},"loc":{"start":{"line":2,"column":31},"end":{"line":2,"column":50}},"line":2}},"branchMap":{},"s":{"0":0,"1":0},"f":{"0":0,"1":0},"b":{},"_coverageSchema":"1a1c01bbd47fc00a2c39e90264f33305004495a9","hash":"1daa88a9dceaa5cfc1a00abbc7a287d3ee192efd"}
}
