{"P:\\Study\\electron-app-scraper\\Components\\App\\App.js": {"path":"P:\\Study\\electron-app-scraper\\Components\\App\\App.js","statementMap":{"0":{"start":{"line":10,"column":4},"end":{"line":10,"column":23}},"1":{"start":{"line":12,"column":4},"end":{"line":17,"column":6}},"2":{"start":{"line":21,"column":4},"end":{"line":25,"column":6}},"3":{"start":{"line":29,"column":4},"end":{"line":29,"column":38}},"4":{"start":{"line":33,"column":4},"end":{"line":35,"column":5}},"5":{"start":{"line":34,"column":6},"end":{"line":34,"column":13}},"6":{"start":{"line":37,"column":19},"end":{"line":37,"column":26}},"7":{"start":{"line":40,"column":4},"end":{"line":57,"column":5}},"8":{"start":{"line":42,"column":8},"end":{"line":42,"column":56}},"9":{"start":{"line":43,"column":8},"end":{"line":43,"column":20}},"10":{"start":{"line":45,"column":8},"end":{"line":45,"column":14}},"11":{"start":{"line":49,"column":8},"end":{"line":49,"column":48}},"12":{"start":{"line":50,"column":8},"end":{"line":53,"column":21}},"13":{"start":{"line":52,"column":22},"end":{"line":52,"column":53}},"14":{"start":{"line":55,"column":8},"end":{"line":55,"column":14}},"15":{"start":{"line":59,"column":21},"end":{"line":59,"column":42}},"16":{"start":{"line":60,"column":19},"end":{"line":60,"column":39}},"17":{"start":{"line":61,"column":23},"end":{"line":61,"column":48}},"18":{"start":{"line":63,"column":4},"end":{"line":63,"column":41}},"19":{"start":{"line":67,"column":18},"end":{"line":67,"column":20}},"20":{"start":{"line":68,"column":18},"end":{"line":68,"column":28}},"21":{"start":{"line":70,"column":4},"end":{"line":154,"column":5}},"22":{"start":{"line":71,"column":26},"end":{"line":71,"column":33}},"23":{"start":{"line":72,"column":21},"end":{"line":72,"column":65}},"24":{"start":{"line":75,"column":28},"end":{"line":75,"column":76}},"25":{"start":{"line":78,"column":16},"end":{"line":78,"column":17}},"26":{"start":{"line":80,"column":6},"end":{"line":116,"column":7}},"27":{"start":{"line":81,"column":8},"end":{"line":81,"column":47}},"28":{"start":{"line":83,"column":8},"end":{"line":115,"column":9}},"29":{"start":{"line":84,"column":21},"end":{"line":84,"column":40}},"30":{"start":{"line":86,"column":10},"end":{"line":90,"column":11}},"31":{"start":{"line":87,"column":12},"end":{"line":87,"column":63}},"32":{"start":{"line":89,"column":12},"end":{"line":89,"column":39}},"33":{"start":{"line":92,"column":27},"end":{"line":92,"column":42}},"34":{"start":{"line":93,"column":25},"end":{"line":93,"column":45}},"35":{"start":{"line":94,"column":21},"end":{"line":94,"column":41}},"36":{"start":{"line":95,"column":21},"end":{"line":95,"column":41}},"37":{"start":{"line":97,"column":10},"end":{"line":114,"column":11}},"38":{"start":{"line":98,"column":31},"end":{"line":98,"column":51}},"39":{"start":{"line":99,"column":23},"end":{"line":99,"column":43}},"40":{"start":{"line":101,"column":12},"end":{"line":113,"column":15}},"41":{"start":{"line":117,"column":6},"end":{"line":117,"column":54}},"42":{"start":{"line":119,"column":6},"end":{"line":119,"column":35}},"43":{"start":{"line":122,"column":6},"end":{"line":122,"column":30}},"44":{"start":{"line":124,"column":23},"end":{"line":124,"column":52}},"45":{"start":{"line":125,"column":18},"end":{"line":125,"column":19}},"46":{"start":{"line":127,"column":6},"end":{"line":145,"column":7}},"47":{"start":{"line":128,"column":35},"end":{"line":128,"column":37}},"48":{"start":{"line":130,"column":23},"end":{"line":130,"column":55}},"49":{"start":{"line":131,"column":22},"end":{"line":131,"column":83}},"50":{"start":{"line":132,"column":22},"end":{"line":132,"column":44}},"51":{"start":{"line":134,"column":8},"end":{"line":134,"column":25}},"52":{"start":{"line":136,"column":21},"end":{"line":136,"column":22}},"53":{"start":{"line":138,"column":8},"end":{"line":142,"column":9}},"54":{"start":{"line":139,"column":24},"end":{"line":139,"column":50}},"55":{"start":{"line":140,"column":10},"end":{"line":140,"column":38}},"56":{"start":{"line":141,"column":10},"end":{"line":141,"column":57}},"57":{"start":{"line":144,"column":8},"end":{"line":144,"column":46}},"58":{"start":{"line":147,"column":6},"end":{"line":147,"column":70}},"59":{"start":{"line":149,"column":6},"end":{"line":149,"column":33}},"60":{"start":{"line":151,"column":20},"end":{"line":151,"column":38}},"61":{"start":{"line":153,"column":6},"end":{"line":153,"column":58}},"62":{"start":{"line":158,"column":20},"end":{"line":158,"column":85}},"63":{"start":{"line":159,"column":15},"end":{"line":164,"column":5}},"64":{"start":{"line":165,"column":20},"end":{"line":165,"column":39}},"65":{"start":{"line":167,"column":4},"end":{"line":167,"column":17}}},"fnMap":{"0":{"name":"(anonymous_0)","decl":{"start":{"line":9,"column":2},"end":{"line":9,"column":3}},"loc":{"start":{"line":9,"column":27},"end":{"line":18,"column":3}},"line":9},"1":{"name":"(anonymous_1)","decl":{"start":{"line":20,"column":2},"end":{"line":20,"column":3}},"loc":{"start":{"line":20,"column":8},"end":{"line":26,"column":3}},"line":20},"2":{"name":"(anonymous_2)","decl":{"start":{"line":28,"column":2},"end":{"line":28,"column":3}},"loc":{"start":{"line":28,"column":14},"end":{"line":30,"column":3}},"line":28},"3":{"name":"(anonymous_3)","decl":{"start":{"line":32,"column":2},"end":{"line":32,"column":3}},"loc":{"start":{"line":32,"column":18},"end":{"line":64,"column":3}},"line":32},"4":{"name":"(anonymous_4)","decl":{"start":{"line":52,"column":15},"end":{"line":52,"column":16}},"loc":{"start":{"line":52,"column":22},"end":{"line":52,"column":53}},"line":52},"5":{"name":"(anonymous_5)","decl":{"start":{"line":66,"column":2},"end":{"line":66,"column":3}},"loc":{"start":{"line":66,"column":34},"end":{"line":155,"column":3}},"line":66},"6":{"name":"(anonymous_6)","decl":{"start":{"line":157,"column":2},"end":{"line":157,"column":3}},"loc":{"start":{"line":157,"column":15},"end":{"line":168,"column":3}},"line":157}},"branchMap":{"0":{"loc":{"start":{"line":33,"column":4},"end":{"line":35,"column":5}},"type":"if","locations":[{"start":{"line":33,"column":4},"end":{"line":35,"column":5}},{"start":{"line":33,"column":4},"end":{"line":35,"column":5}}],"line":33},"1":{"loc":{"start":{"line":40,"column":4},"end":{"line":57,"column":5}},"type":"switch","locations":[{"start":{"line":41,"column":6},"end":{"line":46,"column":7}},{"start":{"line":48,"column":6},"end":{"line":56,"column":7}}],"line":40},"2":{"loc":{"start":{"line":72,"column":21},"end":{"line":72,"column":65}},"type":"cond-expr","locations":[{"start":{"line":72,"column":40},"end":{"line":72,"column":51}},{"start":{"line":72,"column":54},"end":{"line":72,"column":65}}],"line":72},"3":{"loc":{"start":{"line":86,"column":10},"end":{"line":90,"column":11}},"type":"if","locations":[{"start":{"line":86,"column":10},"end":{"line":90,"column":11}},{"start":{"line":86,"column":10},"end":{"line":90,"column":11}}],"line":86},"4":{"loc":{"start":{"line":97,"column":10},"end":{"line":114,"column":11}},"type":"if","locations":[{"start":{"line":97,"column":10},"end":{"line":114,"column":11}},{"start":{"line":97,"column":10},"end":{"line":114,"column":11}}],"line":97},"5":{"loc":{"start":{"line":110,"column":19},"end":{"line":110,"column":57}},"type":"cond-expr","locations":[{"start":{"line":110,"column":46},"end":{"line":110,"column":50}},{"start":{"line":110,"column":53},"end":{"line":110,"column":57}}],"line":110}},"s":{"0":1,"1":1,"2":5,"3":2,"4":4,"5":2,"6":2,"7":2,"8":1,"9":1,"10":1,"11":1,"12":1,"13":4,"14":1,"15":2,"16":2,"17":2,"18":2,"19":1,"20":1,"21":1,"22":1,"23":1,"24":1,"25":1,"26":1,"27":1,"28":1,"29":1,"30":1,"31":1,"32":1,"33":0,"34":0,"35":0,"36":0,"37":0,"38":0,"39":0,"40":0,"41":0,"42":1,"43":1,"44":1,"45":1,"46":1,"47":0,"48":0,"49":0,"50":0,"51":0,"52":0,"53":0,"54":0,"55":0,"56":0,"57":0,"58":1,"59":1,"60":1,"61":1,"62":5,"63":5,"64":5,"65":5},"f":{"0":1,"1":5,"2":2,"3":4,"4":4,"5":1,"6":5},"b":{"0":[2,2],"1":[1,1],"2":[1,0],"3":[1,0],"4":[0,0],"5":[0,0]},"_coverageSchema":"1a1c01bbd47fc00a2c39e90264f33305004495a9","hash":"93e251519b7030aa7aee948c9ae8814531b2df53"}
,"P:\\Study\\electron-app-scraper\\Components\\Component\\Component.js": {"path":"P:\\Study\\electron-app-scraper\\Components\\Component\\Component.js","statementMap":{"0":{"start":{"line":7,"column":4},"end":{"line":7,"column":27}},"1":{"start":{"line":8,"column":4},"end":{"line":8,"column":17}},"2":{"start":{"line":9,"column":4},"end":{"line":9,"column":17}},"3":{"start":{"line":13,"column":4},"end":{"line":13,"column":14}},"4":{"start":{"line":21,"column":4},"end":{"line":21,"column":40}},"5":{"start":{"line":22,"column":4},"end":{"line":22,"column":14}},"6":{"start":{"line":23,"column":4},"end":{"line":23,"column":22}},"7":{"start":{"line":27,"column":4},"end":{"line":27,"column":38}},"8":{"start":{"line":28,"column":4},"end":{"line":28,"column":14}}},"fnMap":{"0":{"name":"(anonymous_0)","decl":{"start":{"line":6,"column":2},"end":{"line":6,"column":3}},"loc":{"start":{"line":6,"column":27},"end":{"line":10,"column":3}},"line":6},"1":{"name":"(anonymous_1)","decl":{"start":{"line":12,"column":2},"end":{"line":12,"column":3}},"loc":{"start":{"line":12,"column":8},"end":{"line":14,"column":3}},"line":12},"2":{"name":"(anonymous_2)","decl":{"start":{"line":16,"column":2},"end":{"line":16,"column":3}},"loc":{"start":{"line":16,"column":7},"end":{"line":16,"column":9}},"line":16},"3":{"name":"(anonymous_3)","decl":{"start":{"line":18,"column":2},"end":{"line":18,"column":3}},"loc":{"start":{"line":18,"column":15},"end":{"line":18,"column":17}},"line":18},"4":{"name":"(anonymous_4)","decl":{"start":{"line":20,"column":2},"end":{"line":20,"column":3}},"loc":{"start":{"line":20,"column":7},"end":{"line":24,"column":3}},"line":20},"5":{"name":"(anonymous_5)","decl":{"start":{"line":26,"column":2},"end":{"line":26,"column":3}},"loc":{"start":{"line":26,"column":14},"end":{"line":29,"column":3}},"line":26}},"branchMap":{},"s":{"0":103,"1":103,"2":103,"3":2,"4":133,"5":133,"6":133,"7":30,"8":30},"f":{"0":103,"1":2,"2":28,"3":79,"4":133,"5":30},"b":{},"_coverageSchema":"1a1c01bbd47fc00a2c39e90264f33305004495a9","hash":"ef2456729ce40400ae8cd3e493721e213fd19187"}
,"P:\\Study\\electron-app-scraper\\Components\\DownloadBar\\DownloadBar.js": {"path":"P:\\Study\\electron-app-scraper\\Components\\DownloadBar\\DownloadBar.js","statementMap":{"0":{"start":{"line":5,"column":4},"end":{"line":11,"column":6}},"1":{"start":{"line":15,"column":21},"end":{"line":15,"column":28}},"2":{"start":{"line":16,"column":33},"end":{"line":16,"column":102}},"3":{"start":{"line":17,"column":32},"end":{"line":17,"column":99}},"4":{"start":{"line":19,"column":4},"end":{"line":19,"column":36}},"5":{"start":{"line":23,"column":20},"end":{"line":23,"column":85}},"6":{"start":{"line":25,"column":4},"end":{"line":25,"column":62}}},"fnMap":{"0":{"name":"(anonymous_0)","decl":{"start":{"line":4,"column":2},"end":{"line":4,"column":3}},"loc":{"start":{"line":4,"column":8},"end":{"line":12,"column":3}},"line":4},"1":{"name":"(anonymous_1)","decl":{"start":{"line":14,"column":2},"end":{"line":14,"column":3}},"loc":{"start":{"line":14,"column":17},"end":{"line":20,"column":3}},"line":14},"2":{"name":"(anonymous_2)","decl":{"start":{"line":22,"column":2},"end":{"line":22,"column":3}},"loc":{"start":{"line":22,"column":7},"end":{"line":26,"column":3}},"line":22}},"branchMap":{},"s":{"0":12,"1":3,"2":3,"3":3,"4":3,"5":12,"6":12},"f":{"0":12,"1":3,"2":12},"b":{},"_coverageSchema":"1a1c01bbd47fc00a2c39e90264f33305004495a9","hash":"c277d44eda28626790923662faa9a85f7915bd8f"}
,"P:\\Study\\electron-app-scraper\\Components\\Header\\Header.js": {"path":"P:\\Study\\electron-app-scraper\\Components\\Header\\Header.js","statementMap":{"0":{"start":{"line":10,"column":4},"end":{"line":18,"column":6}},"1":{"start":{"line":22,"column":53},"end":{"line":22,"column":60}},"2":{"start":{"line":23,"column":23},"end":{"line":23,"column":93}},"3":{"start":{"line":24,"column":23},"end":{"line":27,"column":6}},"4":{"start":{"line":29,"column":4},"end":{"line":29,"column":20}},"5":{"start":{"line":31,"column":21},"end":{"line":31,"column":90}},"6":{"start":{"line":34,"column":4},"end":{"line":38,"column":5}},"7":{"start":{"line":35,"column":6},"end":{"line":35,"column":42}},"8":{"start":{"line":37,"column":6},"end":{"line":37,"column":42}},"9":{"start":{"line":40,"column":4},"end":{"line":40,"column":13}},"10":{"start":{"line":42,"column":23},"end":{"line":42,"column":95}},"11":{"start":{"line":43,"column":23},"end":{"line":46,"column":6}},"12":{"start":{"line":48,"column":4},"end":{"line":48,"column":20}},"13":{"start":{"line":50,"column":24},"end":{"line":50,"column":85}},"14":{"start":{"line":51,"column":24},"end":{"line":53,"column":6}},"15":{"start":{"line":55,"column":4},"end":{"line":55,"column":21}}},"fnMap":{"0":{"name":"(anonymous_0)","decl":{"start":{"line":9,"column":2},"end":{"line":9,"column":3}},"loc":{"start":{"line":9,"column":8},"end":{"line":19,"column":3}},"line":9},"1":{"name":"(anonymous_1)","decl":{"start":{"line":21,"column":2},"end":{"line":21,"column":3}},"loc":{"start":{"line":21,"column":15},"end":{"line":56,"column":3}},"line":21}},"branchMap":{"0":{"loc":{"start":{"line":34,"column":4},"end":{"line":38,"column":5}},"type":"if","locations":[{"start":{"line":34,"column":4},"end":{"line":38,"column":5}},{"start":{"line":34,"column":4},"end":{"line":38,"column":5}}],"line":34}},"s":{"0":10,"1":10,"2":10,"3":10,"4":10,"5":10,"6":10,"7":7,"8":3,"9":10,"10":10,"11":10,"12":10,"13":10,"14":10,"15":10},"f":{"0":10,"1":10},"b":{"0":[7,3]},"_coverageSchema":"1a1c01bbd47fc00a2c39e90264f33305004495a9","hash":"9c6d45716b391ad902b9c429c18e1e5ccabef670"}
,"P:\\Study\\electron-app-scraper\\Components\\SearchBarBrand\\SearchBarBrand.js": {"path":"P:\\Study\\electron-app-scraper\\Components\\SearchBarBrand\\SearchBarBrand.js","statementMap":{"0":{"start":{"line":7,"column":4},"end":{"line":7,"column":23}},"1":{"start":{"line":9,"column":4},"end":{"line":11,"column":6}},"2":{"start":{"line":15,"column":20},"end":{"line":15,"column":27}},"3":{"start":{"line":16,"column":18},"end":{"line":28,"column":15}},"4":{"start":{"line":18,"column":21},"end":{"line":18,"column":23}},"5":{"start":{"line":20,"column":8},"end":{"line":24,"column":9}},"6":{"start":{"line":21,"column":10},"end":{"line":21,"column":93}},"7":{"start":{"line":23,"column":10},"end":{"line":23,"column":102}},"8":{"start":{"line":26,"column":8},"end":{"line":26,"column":22}},"9":{"start":{"line":30,"column":4},"end":{"line":38,"column":6}},"10":{"start":{"line":42,"column":4},"end":{"line":42,"column":38}},"11":{"start":{"line":46,"column":16},"end":{"line":46,"column":79}},"12":{"start":{"line":48,"column":4},"end":{"line":48,"column":59}},"13":{"start":{"line":52,"column":17},"end":{"line":52,"column":86}},"14":{"start":{"line":53,"column":19},"end":{"line":53,"column":26}},"15":{"start":{"line":54,"column":20},"end":{"line":54,"column":27}},"16":{"start":{"line":56,"column":23},"end":{"line":59,"column":6}},"17":{"start":{"line":61,"column":4},"end":{"line":61,"column":20}}},"fnMap":{"0":{"name":"(anonymous_0)","decl":{"start":{"line":6,"column":2},"end":{"line":6,"column":3}},"loc":{"start":{"line":6,"column":27},"end":{"line":12,"column":3}},"line":6},"1":{"name":"(anonymous_1)","decl":{"start":{"line":14,"column":2},"end":{"line":14,"column":3}},"loc":{"start":{"line":14,"column":8},"end":{"line":39,"column":3}},"line":14},"2":{"name":"(anonymous_2)","decl":{"start":{"line":17,"column":11},"end":{"line":17,"column":12}},"loc":{"start":{"line":17,"column":18},"end":{"line":27,"column":7}},"line":17},"3":{"name":"(anonymous_3)","decl":{"start":{"line":41,"column":2},"end":{"line":41,"column":3}},"loc":{"start":{"line":41,"column":21},"end":{"line":43,"column":3}},"line":41},"4":{"name":"(anonymous_4)","decl":{"start":{"line":45,"column":2},"end":{"line":45,"column":3}},"loc":{"start":{"line":45,"column":7},"end":{"line":49,"column":3}},"line":45},"5":{"name":"(anonymous_5)","decl":{"start":{"line":51,"column":2},"end":{"line":51,"column":3}},"loc":{"start":{"line":51,"column":15},"end":{"line":62,"column":3}},"line":51}},"branchMap":{"0":{"loc":{"start":{"line":20,"column":8},"end":{"line":24,"column":9}},"type":"if","locations":[{"start":{"line":20,"column":8},"end":{"line":24,"column":9}},{"start":{"line":20,"column":8},"end":{"line":24,"column":9}}],"line":20}},"s":{"0":5,"1":5,"2":9,"3":9,"4":531,"5":531,"6":527,"7":4,"8":531,"9":9,"10":4,"11":9,"12":9,"13":9,"14":9,"15":9,"16":9,"17":9},"f":{"0":5,"1":9,"2":531,"3":4,"4":9,"5":9},"b":{"0":[527,4]},"_coverageSchema":"1a1c01bbd47fc00a2c39e90264f33305004495a9","hash":"1e557b4a52f9eb9b8486446d59498efbe51efa66"}
,"P:\\Study\\electron-app-scraper\\Components\\SearchBarKeyword\\SearchBarKeyword.js": {"path":"P:\\Study\\electron-app-scraper\\Components\\SearchBarKeyword\\SearchBarKeyword.js","statementMap":{"0":{"start":{"line":6,"column":4},"end":{"line":6,"column":23}},"1":{"start":{"line":8,"column":4},"end":{"line":10,"column":6}},"2":{"start":{"line":14,"column":20},"end":{"line":14,"column":27}},"3":{"start":{"line":16,"column":4},"end":{"line":21,"column":6}},"4":{"start":{"line":25,"column":4},"end":{"line":25,"column":31}},"5":{"start":{"line":29,"column":15},"end":{"line":29,"column":77}},"6":{"start":{"line":31,"column":4},"end":{"line":31,"column":15}},"7":{"start":{"line":32,"column":4},"end":{"line":32,"column":58}},"8":{"start":{"line":33,"column":4},"end":{"line":33,"column":57}},"9":{"start":{"line":37,"column":17},"end":{"line":37,"column":86}},"10":{"start":{"line":38,"column":19},"end":{"line":38,"column":26}},"11":{"start":{"line":39,"column":20},"end":{"line":39,"column":27}},"12":{"start":{"line":40,"column":23},"end":{"line":43,"column":6}},"13":{"start":{"line":45,"column":4},"end":{"line":45,"column":20}}},"fnMap":{"0":{"name":"(anonymous_0)","decl":{"start":{"line":5,"column":2},"end":{"line":5,"column":3}},"loc":{"start":{"line":5,"column":27},"end":{"line":11,"column":3}},"line":5},"1":{"name":"(anonymous_1)","decl":{"start":{"line":13,"column":2},"end":{"line":13,"column":3}},"loc":{"start":{"line":13,"column":8},"end":{"line":22,"column":3}},"line":13},"2":{"name":"(anonymous_2)","decl":{"start":{"line":24,"column":2},"end":{"line":24,"column":3}},"loc":{"start":{"line":24,"column":32},"end":{"line":26,"column":3}},"line":24},"3":{"name":"(anonymous_3)","decl":{"start":{"line":28,"column":2},"end":{"line":28,"column":3}},"loc":{"start":{"line":28,"column":7},"end":{"line":34,"column":3}},"line":28},"4":{"name":"(anonymous_4)","decl":{"start":{"line":36,"column":2},"end":{"line":36,"column":3}},"loc":{"start":{"line":36,"column":15},"end":{"line":46,"column":3}},"line":36}},"branchMap":{},"s":{"0":9,"1":9,"2":30,"3":30,"4":21,"5":30,"6":30,"7":30,"8":30,"9":30,"10":30,"11":30,"12":30,"13":30},"f":{"0":9,"1":30,"2":21,"3":30,"4":30},"b":{},"_coverageSchema":"1a1c01bbd47fc00a2c39e90264f33305004495a9","hash":"46dca5874fcd680353cd3a96b50f9459af6031a0"}
,"P:\\Study\\electron-app-scraper\\Components\\SearchButton\\SearchButton.js": {"path":"P:\\Study\\electron-app-scraper\\Components\\SearchButton\\SearchButton.js","statementMap":{"0":{"start":{"line":5,"column":4},"end":{"line":7,"column":6}},"1":{"start":{"line":11,"column":24},"end":{"line":11,"column":31}},"2":{"start":{"line":13,"column":4},"end":{"line":13,"column":18}},"3":{"start":{"line":17,"column":4},"end":{"line":19,"column":57}}},"fnMap":{"0":{"name":"(anonymous_0)","decl":{"start":{"line":4,"column":2},"end":{"line":4,"column":3}},"loc":{"start":{"line":4,"column":8},"end":{"line":8,"column":3}},"line":4},"1":{"name":"(anonymous_1)","decl":{"start":{"line":10,"column":2},"end":{"line":10,"column":3}},"loc":{"start":{"line":10,"column":17},"end":{"line":14,"column":3}},"line":10},"2":{"name":"(anonymous_2)","decl":{"start":{"line":16,"column":2},"end":{"line":16,"column":3}},"loc":{"start":{"line":16,"column":7},"end":{"line":20,"column":3}},"line":16}},"branchMap":{},"s":{"0":41,"1":9,"2":9,"3":41},"f":{"0":41,"1":9,"2":41},"b":{},"_coverageSchema":"1a1c01bbd47fc00a2c39e90264f33305004495a9","hash":"72d1e21ef07d8932cdd8d2384bff64e4010d7cb3"}
,"P:\\Study\\electron-app-scraper\\Components\\SearchResult\\SearchResult.js": {"path":"P:\\Study\\electron-app-scraper\\Components\\SearchResult\\SearchResult.js","statementMap":{"0":{"start":{"line":5,"column":32},"end":{"line":5,"column":39}},"1":{"start":{"line":7,"column":4},"end":{"line":12,"column":6}}},"fnMap":{"0":{"name":"(anonymous_0)","decl":{"start":{"line":4,"column":2},"end":{"line":4,"column":3}},"loc":{"start":{"line":4,"column":8},"end":{"line":13,"column":3}},"line":4}},"branchMap":{},"s":{"0":11,"1":11},"f":{"0":11},"b":{},"_coverageSchema":"1a1c01bbd47fc00a2c39e90264f33305004495a9","hash":"c1ecf8677d302c5f0ddcb8fa4b9d9116d78de061"}
,"P:\\Study\\electron-app-scraper\\Components\\SearchType\\SearchType.js": {"path":"P:\\Study\\electron-app-scraper\\Components\\SearchType\\SearchType.js","statementMap":{"0":{"start":{"line":5,"column":4},"end":{"line":7,"column":5}},"1":{"start":{"line":6,"column":6},"end":{"line":6,"column":13}},"2":{"start":{"line":9,"column":4},"end":{"line":9,"column":32}},"3":{"start":{"line":13,"column":4},"end":{"line":20,"column":6}},"4":{"start":{"line":24,"column":19},"end":{"line":24,"column":26}},"5":{"start":{"line":26,"column":4},"end":{"line":26,"column":65}},"6":{"start":{"line":27,"column":4},"end":{"line":29,"column":57}}},"fnMap":{"0":{"name":"(anonymous_0)","decl":{"start":{"line":4,"column":2},"end":{"line":4,"column":3}},"loc":{"start":{"line":4,"column":21},"end":{"line":10,"column":3}},"line":4},"1":{"name":"(anonymous_1)","decl":{"start":{"line":12,"column":2},"end":{"line":12,"column":3}},"loc":{"start":{"line":12,"column":8},"end":{"line":21,"column":3}},"line":12},"2":{"name":"(anonymous_2)","decl":{"start":{"line":23,"column":2},"end":{"line":23,"column":3}},"loc":{"start":{"line":23,"column":7},"end":{"line":30,"column":3}},"line":23}},"branchMap":{"0":{"loc":{"start":{"line":5,"column":4},"end":{"line":7,"column":5}},"type":"if","locations":[{"start":{"line":5,"column":4},"end":{"line":7,"column":5}},{"start":{"line":5,"column":4},"end":{"line":7,"column":5}}],"line":5}},"s":{"0":11,"1":3,"2":8,"3":13,"4":13,"5":13,"6":13},"f":{"0":11,"1":13,"2":13},"b":{"0":[3,8]},"_coverageSchema":"1a1c01bbd47fc00a2c39e90264f33305004495a9","hash":"c6b2545f88b9729c351b0500a76b391b431ec181"}
,"P:\\Study\\electron-app-scraper\\data\\brand.js": {"path":"P:\\Study\\electron-app-scraper\\data\\brand.js","statementMap":{},"fnMap":{},"branchMap":{},"s":{},"f":{},"b":{},"_coverageSchema":"1a1c01bbd47fc00a2c39e90264f33305004495a9","hash":"de7d00dd895573b54b9038dfac7ed969697263bc"}
,"P:\\Study\\electron-app-scraper\\data\\ingredients.js": {"path":"P:\\Study\\electron-app-scraper\\data\\ingredients.js","statementMap":{},"fnMap":{},"branchMap":{},"s":{},"f":{},"b":{},"_coverageSchema":"1a1c01bbd47fc00a2c39e90264f33305004495a9","hash":"d559c3bf877353118954af106a8bf716f66bdf71"}
,"P:\\Study\\electron-app-scraper\\data\\page.js": {"path":"P:\\Study\\electron-app-scraper\\data\\page.js","statementMap":{"0":{"start":{"line":1,"column":12},"end":{"line":35,"column":1}}},"fnMap":{},"branchMap":{},"s":{"0":10},"f":{},"b":{},"_coverageSchema":"1a1c01bbd47fc00a2c39e90264f33305004495a9","hash":"883e83067892b60fdc35f87eef38e5782c4a00fe"}
,"P:\\Study\\electron-app-scraper\\js\\scrap.js": {"path":"P:\\Study\\electron-app-scraper\\js\\scrap.js","statementMap":{"0":{"start":{"line":5,"column":12},"end":{"line":236,"column":1}},"1":{"start":{"line":7,"column":15},"end":{"line":14,"column":6}},"2":{"start":{"line":20,"column":4},"end":{"line":20,"column":27}},"3":{"start":{"line":24,"column":19},"end":{"line":24,"column":34}},"4":{"start":{"line":26,"column":4},"end":{"line":26,"column":57}},"5":{"start":{"line":30,"column":22},"end":{"line":30,"column":65}},"6":{"start":{"line":31,"column":23},"end":{"line":31,"column":54}},"7":{"start":{"line":33,"column":4},"end":{"line":33,"column":59}},"8":{"start":{"line":37,"column":4},"end":{"line":37,"column":95}},"9":{"start":{"line":37,"column":89},"end":{"line":37,"column":93}},"10":{"start":{"line":41,"column":4},"end":{"line":41,"column":60}},"11":{"start":{"line":45,"column":4},"end":{"line":45,"column":109}},"12":{"start":{"line":45,"column":99},"end":{"line":45,"column":107}},"13":{"start":{"line":49,"column":17},"end":{"line":49,"column":71}},"14":{"start":{"line":51,"column":4},"end":{"line":62,"column":21}},"15":{"start":{"line":54,"column":23},"end":{"line":54,"column":32}},"16":{"start":{"line":56,"column":26},"end":{"line":56,"column":46}},"17":{"start":{"line":58,"column":12},"end":{"line":58,"column":25}},"18":{"start":{"line":60,"column":12},"end":{"line":60,"column":22}},"19":{"start":{"line":66,"column":4},"end":{"line":66,"column":84}},"20":{"start":{"line":70,"column":15},"end":{"line":70,"column":45}},"21":{"start":{"line":72,"column":4},"end":{"line":72,"column":58}},"22":{"start":{"line":76,"column":4},"end":{"line":76,"column":109}},"23":{"start":{"line":80,"column":4},"end":{"line":80,"column":80}},"24":{"start":{"line":84,"column":4},"end":{"line":84,"column":92}},"25":{"start":{"line":88,"column":4},"end":{"line":88,"column":63}},"26":{"start":{"line":92,"column":19},"end":{"line":92,"column":35}},"27":{"start":{"line":93,"column":13},"end":{"line":93,"column":18}},"28":{"start":{"line":95,"column":4},"end":{"line":103,"column":5}},"29":{"start":{"line":96,"column":18},"end":{"line":96,"column":48}},"30":{"start":{"line":98,"column":6},"end":{"line":102,"column":7}},"31":{"start":{"line":99,"column":8},"end":{"line":99,"column":18}},"32":{"start":{"line":101,"column":8},"end":{"line":101,"column":14}},"33":{"start":{"line":105,"column":4},"end":{"line":105,"column":14}},"34":{"start":{"line":109,"column":22},"end":{"line":112,"column":5}},"35":{"start":{"line":111,"column":16},"end":{"line":111,"column":37}},"36":{"start":{"line":113,"column":26},"end":{"line":113,"column":28}},"37":{"start":{"line":115,"column":4},"end":{"line":122,"column":5}},"38":{"start":{"line":116,"column":23},"end":{"line":116,"column":57}},"39":{"start":{"line":117,"column":21},"end":{"line":117,"column":42}},"40":{"start":{"line":119,"column":6},"end":{"line":119,"column":49}},"41":{"start":{"line":121,"column":6},"end":{"line":121,"column":42}},"42":{"start":{"line":124,"column":4},"end":{"line":124,"column":25}},"43":{"start":{"line":128,"column":18},"end":{"line":128,"column":20}},"44":{"start":{"line":131,"column":4},"end":{"line":161,"column":5}},"45":{"start":{"line":134,"column":6},"end":{"line":158,"column":7}},"46":{"start":{"line":135,"column":25},"end":{"line":135,"column":50}},"47":{"start":{"line":136,"column":23},"end":{"line":136,"column":44}},"48":{"start":{"line":137,"column":19},"end":{"line":137,"column":40}},"49":{"start":{"line":138,"column":19},"end":{"line":138,"column":40}},"50":{"start":{"line":140,"column":8},"end":{"line":157,"column":9}},"51":{"start":{"line":141,"column":29},"end":{"line":141,"column":50}},"52":{"start":{"line":142,"column":21},"end":{"line":142,"column":42}},"53":{"start":{"line":144,"column":10},"end":{"line":156,"column":13}},"54":{"start":{"line":163,"column":4},"end":{"line":163,"column":17}},"55":{"start":{"line":167,"column":19},"end":{"line":167,"column":51}},"56":{"start":{"line":168,"column":4},"end":{"line":168,"column":23}},"57":{"start":{"line":169,"column":4},"end":{"line":169,"column":22}},"58":{"start":{"line":171,"column":4},"end":{"line":171,"column":57}},"59":{"start":{"line":175,"column":16},"end":{"line":175,"column":27}},"60":{"start":{"line":176,"column":4},"end":{"line":176,"column":22}},"61":{"start":{"line":178,"column":4},"end":{"line":178,"column":23}},"62":{"start":{"line":180,"column":15},"end":{"line":180,"column":19}},"63":{"start":{"line":181,"column":25},"end":{"line":181,"column":44}},"64":{"start":{"line":183,"column":4},"end":{"line":183,"column":32}},"65":{"start":{"line":184,"column":4},"end":{"line":184,"column":37}},"66":{"start":{"line":186,"column":20},"end":{"line":186,"column":35}},"67":{"start":{"line":187,"column":16},"end":{"line":187,"column":63}},"68":{"start":{"line":188,"column":15},"end":{"line":188,"column":41}},"69":{"start":{"line":190,"column":4},"end":{"line":190,"column":29}},"70":{"start":{"line":194,"column":17},"end":{"line":194,"column":39}},"71":{"start":{"line":195,"column":18},"end":{"line":195,"column":50}},"72":{"start":{"line":197,"column":4},"end":{"line":210,"column":6}},"73":{"start":{"line":212,"column":4},"end":{"line":221,"column":5}},"74":{"start":{"line":213,"column":31},"end":{"line":213,"column":33}},"75":{"start":{"line":214,"column":16},"end":{"line":218,"column":7}},"76":{"start":{"line":220,"column":6},"end":{"line":220,"column":22}},"77":{"start":{"line":234,"column":4},"end":{"line":234,"column":37}}},"fnMap":{"0":{"name":"(anonymous_0)","decl":{"start":{"line":6,"column":10},"end":{"line":6,"column":11}},"loc":{"start":{"line":6,"column":31},"end":{"line":21,"column":3}},"line":6},"1":{"name":"(anonymous_1)","decl":{"start":{"line":23,"column":10},"end":{"line":23,"column":11}},"loc":{"start":{"line":23,"column":30},"end":{"line":27,"column":3}},"line":23},"2":{"name":"(anonymous_2)","decl":{"start":{"line":29,"column":17},"end":{"line":29,"column":18}},"loc":{"start":{"line":29,"column":35},"end":{"line":34,"column":3}},"line":29},"3":{"name":"(anonymous_3)","decl":{"start":{"line":36,"column":13},"end":{"line":36,"column":14}},"loc":{"start":{"line":36,"column":31},"end":{"line":38,"column":3}},"line":36},"4":{"name":"(anonymous_4)","decl":{"start":{"line":37,"column":75},"end":{"line":37,"column":76}},"loc":{"start":{"line":37,"column":89},"end":{"line":37,"column":93}},"line":37},"5":{"name":"(anonymous_5)","decl":{"start":{"line":40,"column":12},"end":{"line":40,"column":13}},"loc":{"start":{"line":40,"column":30},"end":{"line":42,"column":3}},"line":40},"6":{"name":"(anonymous_6)","decl":{"start":{"line":44,"column":17},"end":{"line":44,"column":18}},"loc":{"start":{"line":44,"column":35},"end":{"line":46,"column":3}},"line":44},"7":{"name":"(anonymous_7)","decl":{"start":{"line":45,"column":68},"end":{"line":45,"column":69}},"loc":{"start":{"line":45,"column":99},"end":{"line":45,"column":107}},"line":45},"8":{"name":"(anonymous_8)","decl":{"start":{"line":48,"column":12},"end":{"line":48,"column":13}},"loc":{"start":{"line":48,"column":30},"end":{"line":63,"column":3}},"line":48},"9":{"name":"(anonymous_9)","decl":{"start":{"line":54,"column":15},"end":{"line":54,"column":16}},"loc":{"start":{"line":54,"column":23},"end":{"line":54,"column":32}},"line":54},"10":{"name":"(anonymous_10)","decl":{"start":{"line":55,"column":18},"end":{"line":55,"column":19}},"loc":{"start":{"line":55,"column":31},"end":{"line":61,"column":11}},"line":55},"11":{"name":"(anonymous_11)","decl":{"start":{"line":65,"column":12},"end":{"line":65,"column":13}},"loc":{"start":{"line":65,"column":30},"end":{"line":67,"column":3}},"line":65},"12":{"name":"(anonymous_12)","decl":{"start":{"line":69,"column":12},"end":{"line":69,"column":13}},"loc":{"start":{"line":69,"column":30},"end":{"line":73,"column":3}},"line":69},"13":{"name":"(anonymous_13)","decl":{"start":{"line":75,"column":13},"end":{"line":75,"column":14}},"loc":{"start":{"line":75,"column":31},"end":{"line":77,"column":3}},"line":75},"14":{"name":"(anonymous_14)","decl":{"start":{"line":79,"column":13},"end":{"line":79,"column":14}},"loc":{"start":{"line":79,"column":31},"end":{"line":81,"column":3}},"line":79},"15":{"name":"(anonymous_15)","decl":{"start":{"line":83,"column":12},"end":{"line":83,"column":13}},"loc":{"start":{"line":83,"column":30},"end":{"line":85,"column":3}},"line":83},"16":{"name":"(anonymous_16)","decl":{"start":{"line":87,"column":13},"end":{"line":87,"column":14}},"loc":{"start":{"line":87,"column":31},"end":{"line":89,"column":3}},"line":87},"17":{"name":"(anonymous_17)","decl":{"start":{"line":91,"column":12},"end":{"line":91,"column":13}},"loc":{"start":{"line":91,"column":33},"end":{"line":106,"column":3}},"line":91},"18":{"name":"(anonymous_18)","decl":{"start":{"line":108,"column":13},"end":{"line":108,"column":14}},"loc":{"start":{"line":108,"column":58},"end":{"line":125,"column":3}},"line":108},"19":{"name":"(anonymous_19)","decl":{"start":{"line":111,"column":6},"end":{"line":111,"column":7}},"loc":{"start":{"line":111,"column":16},"end":{"line":111,"column":37}},"line":111},"20":{"name":"(anonymous_20)","decl":{"start":{"line":127,"column":12},"end":{"line":127,"column":13}},"loc":{"start":{"line":127,"column":43},"end":{"line":164,"column":3}},"line":127},"21":{"name":"(anonymous_21)","decl":{"start":{"line":166,"column":10},"end":{"line":166,"column":11}},"loc":{"start":{"line":166,"column":28},"end":{"line":172,"column":3}},"line":166},"22":{"name":"(anonymous_22)","decl":{"start":{"line":174,"column":10},"end":{"line":174,"column":11}},"loc":{"start":{"line":174,"column":42},"end":{"line":191,"column":3}},"line":174},"23":{"name":"(anonymous_23)","decl":{"start":{"line":193,"column":9},"end":{"line":193,"column":10}},"loc":{"start":{"line":193,"column":39},"end":{"line":235,"column":3}},"line":193}},"branchMap":{"0":{"loc":{"start":{"line":33,"column":11},"end":{"line":33,"column":58}},"type":"cond-expr","locations":[{"start":{"line":33,"column":24},"end":{"line":33,"column":54}},{"start":{"line":33,"column":57},"end":{"line":33,"column":58}}],"line":33},"1":{"loc":{"start":{"line":51,"column":11},"end":{"line":62,"column":20}},"type":"cond-expr","locations":[{"start":{"line":52,"column":8},"end":{"line":61,"column":16}},{"start":{"line":62,"column":8},"end":{"line":62,"column":20}}],"line":51},"2":{"loc":{"start":{"line":72,"column":11},"end":{"line":72,"column":57}},"type":"cond-expr","locations":[{"start":{"line":72,"column":16},"end":{"line":72,"column":37}},{"start":{"line":72,"column":40},"end":{"line":72,"column":57}}],"line":72},"3":{"loc":{"start":{"line":76,"column":11},"end":{"line":76,"column":108}},"type":"cond-expr","locations":[{"start":{"line":76,"column":48},"end":{"line":76,"column":101}},{"start":{"line":76,"column":104},"end":{"line":76,"column":108}}],"line":76},"4":{"loc":{"start":{"line":98,"column":6},"end":{"line":102,"column":7}},"type":"if","locations":[{"start":{"line":98,"column":6},"end":{"line":102,"column":7}},{"start":{"line":98,"column":6},"end":{"line":102,"column":7}}],"line":98},"5":{"loc":{"start":{"line":140,"column":8},"end":{"line":157,"column":9}},"type":"if","locations":[{"start":{"line":140,"column":8},"end":{"line":157,"column":9}},{"start":{"line":140,"column":8},"end":{"line":157,"column":9}}],"line":140},"6":{"loc":{"start":{"line":153,"column":17},"end":{"line":153,"column":55}},"type":"cond-expr","locations":[{"start":{"line":153,"column":44},"end":{"line":153,"column":48}},{"start":{"line":153,"column":51},"end":{"line":153,"column":55}}],"line":153}},"s":{"0":2,"1":35,"2":35,"3":34,"4":34,"5":4,"6":4,"7":4,"8":9,"9":13,"10":8,"11":5,"12":17,"13":6,"14":6,"15":10,"16":10,"17":10,"18":10,"19":5,"20":6,"21":6,"22":2,"23":5,"24":8,"25":2,"26":8,"27":8,"28":8,"29":2488,"30":2488,"31":3,"32":3,"33":8,"34":4,"35":8,"36":4,"37":4,"38":8,"39":8,"40":8,"41":8,"42":4,"43":2,"44":2,"45":4,"46":6,"47":6,"48":6,"49":6,"50":6,"51":4,"52":4,"53":4,"54":2,"55":2,"56":2,"57":2,"58":2,"59":1,"60":1,"61":1,"62":1,"63":1,"64":1,"65":1,"66":1,"67":1,"68":1,"69":1,"70":2,"71":2,"72":2,"73":2,"74":2,"75":2,"76":2,"77":2},"f":{"0":35,"1":34,"2":4,"3":9,"4":13,"5":8,"6":5,"7":17,"8":6,"9":10,"10":10,"11":5,"12":6,"13":2,"14":5,"15":8,"16":2,"17":8,"18":4,"19":8,"20":2,"21":2,"22":1,"23":2},"b":{"0":[3,1],"1":[5,1],"2":[5,1],"3":[1,1],"4":[3,2485],"5":[4,2],"6":[2,2]},"_coverageSchema":"1a1c01bbd47fc00a2c39e90264f33305004495a9","hash":"0c035f3d7aaa7fadac1f984aff5fa986eeca08c8"}
}
