TN:
SF:Components\App\App.js
FN:9,(anonymous_0)
FN:20,(anonymous_1)
FN:28,(anonymous_2)
FN:32,(anonymous_3)
FN:52,(anonymous_4)
FN:66,(anonymous_5)
FN:157,(anonymous_6)
FNF:7
FNH:7
FNDA:1,(anonymous_0)
FNDA:5,(anonymous_1)
FNDA:2,(anonymous_2)
FNDA:4,(anonymous_3)
FNDA:4,(anonymous_4)
FNDA:1,(anonymous_5)
FNDA:5,(anonymous_6)
DA:10,1
DA:12,1
DA:21,5
DA:29,2
DA:33,4
DA:34,2
DA:37,2
DA:40,2
DA:42,1
DA:43,1
DA:45,1
DA:49,1
DA:50,1
DA:52,4
DA:55,1
DA:59,2
DA:60,2
DA:61,2
DA:63,2
DA:67,1
DA:68,1
DA:70,1
DA:71,1
DA:72,1
DA:75,1
DA:78,1
DA:80,1
DA:81,1
DA:83,1
DA:84,1
DA:86,1
DA:87,1
DA:89,1
DA:92,0
DA:93,0
DA:94,0
DA:95,0
DA:97,0
DA:98,0
DA:99,0
DA:101,0
DA:117,0
DA:119,1
DA:122,1
DA:124,1
DA:125,1
DA:127,1
DA:128,0
DA:130,0
DA:131,0
DA:132,0
DA:134,0
DA:136,0
DA:138,0
DA:139,0
DA:140,0
DA:141,0
DA:144,0
DA:147,1
DA:149,1
DA:151,1
DA:153,1
DA:158,5
DA:159,5
DA:165,5
DA:167,5
LF:66
LH:46
BRDA:33,0,0,2
BRDA:33,0,1,2
BRDA:40,1,0,1
BRDA:40,1,1,1
BRDA:72,2,0,1
BRDA:72,2,1,0
BRDA:86,3,0,1
BRDA:86,3,1,0
BRDA:97,4,0,0
BRDA:97,4,1,0
BRDA:110,5,0,0
BRDA:110,5,1,0
BRF:12
BRH:6
end_of_record
TN:
SF:Components\Component\Component.js
FN:6,(anonymous_0)
FN:12,(anonymous_1)
FN:16,(anonymous_2)
FN:18,(anonymous_3)
FN:20,(anonymous_4)
FN:26,(anonymous_5)
FNF:6
FNH:6
FNDA:103,(anonymous_0)
FNDA:2,(anonymous_1)
FNDA:28,(anonymous_2)
FNDA:79,(anonymous_3)
FNDA:133,(anonymous_4)
FNDA:30,(anonymous_5)
DA:7,103
DA:8,103
DA:9,103
DA:13,2
DA:21,133
DA:22,133
DA:23,133
DA:27,30
DA:28,30
LF:9
LH:9
BRF:0
BRH:0
end_of_record
TN:
SF:Components\DownloadBar\DownloadBar.js
FN:4,(anonymous_0)
FN:14,(anonymous_1)
FN:22,(anonymous_2)
FNF:3
FNH:3
FNDA:12,(anonymous_0)
FNDA:3,(anonymous_1)
FNDA:12,(anonymous_2)
DA:5,12
DA:15,3
DA:16,3
DA:17,3
DA:19,3
DA:23,12
DA:25,12
LF:7
LH:7
BRF:0
BRH:0
end_of_record
TN:
SF:Components\Header\Header.js
FN:9,(anonymous_0)
FN:21,(anonymous_1)
FNF:2
FNH:2
FNDA:10,(anonymous_0)
FNDA:10,(anonymous_1)
DA:10,10
DA:22,10
DA:23,10
DA:24,10
DA:29,10
DA:31,10
DA:34,10
DA:35,7
DA:37,3
DA:40,10
DA:42,10
DA:43,10
DA:48,10
DA:50,10
DA:51,10
DA:55,10
LF:16
LH:16
BRDA:34,0,0,7
BRDA:34,0,1,3
BRF:2
BRH:2
end_of_record
TN:
SF:Components\SearchBarBrand\SearchBarBrand.js
FN:6,(anonymous_0)
FN:14,(anonymous_1)
FN:17,(anonymous_2)
FN:41,(anonymous_3)
FN:45,(anonymous_4)
FN:51,(anonymous_5)
FNF:6
FNH:6
FNDA:5,(anonymous_0)
FNDA:9,(anonymous_1)
FNDA:531,(anonymous_2)
FNDA:4,(anonymous_3)
FNDA:9,(anonymous_4)
FNDA:9,(anonymous_5)
DA:7,5
DA:9,5
DA:15,9
DA:16,9
DA:18,531
DA:20,531
DA:21,527
DA:23,4
DA:26,531
DA:30,9
DA:42,4
DA:46,9
DA:48,9
DA:52,9
DA:53,9
DA:54,9
DA:56,9
DA:61,9
LF:18
LH:18
BRDA:20,0,0,527
BRDA:20,0,1,4
BRF:2
BRH:2
end_of_record
TN:
SF:Components\SearchBarKeyword\SearchBarKeyword.js
FN:5,(anonymous_0)
FN:13,(anonymous_1)
FN:24,(anonymous_2)
FN:28,(anonymous_3)
FN:36,(anonymous_4)
FNF:5
FNH:5
FNDA:9,(anonymous_0)
FNDA:30,(anonymous_1)
FNDA:21,(anonymous_2)
FNDA:30,(anonymous_3)
FNDA:30,(anonymous_4)
DA:6,9
DA:8,9
DA:14,30
DA:16,30
DA:25,21
DA:29,30
DA:31,30
DA:32,30
DA:33,30
DA:37,30
DA:38,30
DA:39,30
DA:40,30
DA:45,30
LF:14
LH:14
BRF:0
BRH:0
end_of_record
TN:
SF:Components\SearchButton\SearchButton.js
FN:4,(anonymous_0)
FN:10,(anonymous_1)
FN:16,(anonymous_2)
FNF:3
FNH:3
FNDA:41,(anonymous_0)
FNDA:9,(anonymous_1)
FNDA:41,(anonymous_2)
DA:5,41
DA:11,9
DA:13,9
DA:17,41
LF:4
LH:4
BRF:0
BRH:0
end_of_record
TN:
SF:Components\SearchResult\SearchResult.js
FN:4,(anonymous_0)
FNF:1
FNH:1
FNDA:11,(anonymous_0)
DA:5,11
DA:7,11
LF:2
LH:2
BRF:0
BRH:0
end_of_record
TN:
SF:Components\SearchType\SearchType.js
FN:4,(anonymous_0)
FN:12,(anonymous_1)
FN:23,(anonymous_2)
FNF:3
FNH:3
FNDA:11,(anonymous_0)
FNDA:13,(anonymous_1)
FNDA:13,(anonymous_2)
DA:5,11
DA:6,3
DA:9,8
DA:13,13
DA:24,13
DA:26,13
DA:27,13
LF:7
LH:7
BRDA:5,0,0,3
BRDA:5,0,1,8
BRF:2
BRH:2
end_of_record
TN:
SF:data\brand.js
FNF:0
FNH:0
LF:0
LH:0
BRF:0
BRH:0
end_of_record
TN:
SF:data\ingredients.js
FNF:0
FNH:0
LF:0
LH:0
BRF:0
BRH:0
end_of_record
TN:
SF:data\page.js
FNF:0
FNH:0
DA:1,10
LF:1
LH:1
BRF:0
BRH:0
end_of_record
TN:
SF:js\scrap.js
FN:6,(anonymous_0)
FN:23,(anonymous_1)
FN:29,(anonymous_2)
FN:36,(anonymous_3)
FN:37,(anonymous_4)
FN:40,(anonymous_5)
FN:44,(anonymous_6)
FN:45,(anonymous_7)
FN:48,(anonymous_8)
FN:54,(anonymous_9)
FN:55,(anonymous_10)
FN:65,(anonymous_11)
FN:69,(anonymous_12)
FN:75,(anonymous_13)
FN:79,(anonymous_14)
FN:83,(anonymous_15)
FN:87,(anonymous_16)
FN:91,(anonymous_17)
FN:108,(anonymous_18)
FN:111,(anonymous_19)
FN:127,(anonymous_20)
FN:166,(anonymous_21)
FN:174,(anonymous_22)
FN:193,(anonymous_23)
FNF:24
FNH:24
FNDA:35,(anonymous_0)
FNDA:34,(anonymous_1)
FNDA:4,(anonymous_2)
FNDA:9,(anonymous_3)
FNDA:13,(anonymous_4)
FNDA:8,(anonymous_5)
FNDA:5,(anonymous_6)
FNDA:17,(anonymous_7)
FNDA:6,(anonymous_8)
FNDA:10,(anonymous_9)
FNDA:10,(anonymous_10)
FNDA:5,(anonymous_11)
FNDA:6,(anonymous_12)
FNDA:2,(anonymous_13)
FNDA:5,(anonymous_14)
FNDA:8,(anonymous_15)
FNDA:2,(anonymous_16)
FNDA:8,(anonymous_17)
FNDA:4,(anonymous_18)
FNDA:8,(anonymous_19)
FNDA:2,(anonymous_20)
FNDA:2,(anonymous_21)
FNDA:1,(anonymous_22)
FNDA:2,(anonymous_23)
DA:5,2
DA:7,35
DA:20,35
DA:24,34
DA:26,34
DA:30,4
DA:31,4
DA:33,4
DA:37,13
DA:41,8
DA:45,17
DA:49,6
DA:51,6
DA:54,10
DA:56,10
DA:58,10
DA:60,10
DA:66,5
DA:70,6
DA:72,6
DA:76,2
DA:80,5
DA:84,8
DA:88,2
DA:92,8
DA:93,8
DA:95,8
DA:96,2488
DA:98,2488
DA:99,3
DA:101,3
DA:105,8
DA:109,4
DA:111,8
DA:113,4
DA:115,4
DA:116,8
DA:117,8
DA:119,8
DA:121,8
DA:124,4
DA:128,2
DA:131,2
DA:134,4
DA:135,6
DA:136,6
DA:137,6
DA:138,6
DA:140,6
DA:141,4
DA:142,4
DA:144,4
DA:163,2
DA:167,2
DA:168,2
DA:169,2
DA:171,2
DA:175,1
DA:176,1
DA:178,1
DA:180,1
DA:181,1
DA:183,1
DA:184,1
DA:186,1
DA:187,1
DA:188,1
DA:190,1
DA:194,2
DA:195,2
DA:197,2
DA:212,2
DA:213,2
DA:214,2
DA:220,2
DA:234,2
LF:76
LH:76
BRDA:33,0,0,3
BRDA:33,0,1,1
BRDA:51,1,0,5
BRDA:51,1,1,1
BRDA:72,2,0,5
BRDA:72,2,1,1
BRDA:76,3,0,1
BRDA:76,3,1,1
BRDA:98,4,0,3
BRDA:98,4,1,2485
BRDA:140,5,0,4
BRDA:140,5,1,2
BRDA:153,6,0,2
BRDA:153,6,1,2
BRF:14
BRH:14
end_of_record
